Command line invocation:
    /Applications/Xcode.app/Contents/Developer/usr/bin/xcodebuild -project Wavify.xcodeproj -scheme Wavify -destination "platform=iOS Simulator,name=iPhone 17" build

2026-01-01 18:26:08.794 xcodebuild[35088:7406946] [MT] IDERunDestination: Supported platforms for the buildables in the current scheme is empty.
ComputePackagePrebuildTargetDependencyGraph

Prepare packages

CreateBuildRequest

SendProjectDescription

CreateBuildOperation

ComputeTargetDependencyGraph
note: Building targets in dependency order
note: Target dependency graph (1 target)
    Target 'Wavify' in project 'Wavify' (no dependencies)

GatherProvisioningInputs

CreateBuildDescription

ExecuteExternalTool /Applications/Xcode.app/Contents/Developer/Toolchains/XcodeDefault.xctoolchain/usr/bin/clang -v -E -dM -isysroot /Applications/Xcode.app/Contents/Developer/Platforms/iPhoneSimulator.platform/Developer/SDKs/iPhoneSimulator26.1.sdk -x c -c /dev/null

ExecuteExternalTool /Applications/Xcode.app/Contents/Developer/usr/bin/actool --print-asset-tag-combinations --output-format xml1 /Users/Gaurav.Sharma4/Desktop/Wavify/Wavify/Assets.xcassets

ExecuteExternalTool /Applications/Xcode.app/Contents/Developer/usr/bin/actool --version --output-format xml1

ExecuteExternalTool /Applications/Xcode.app/Contents/Developer/Toolchains/XcodeDefault.xctoolchain/usr/bin/swiftc --version

ExecuteExternalTool /Applications/Xcode.app/Contents/Developer/Toolchains/XcodeDefault.xctoolchain/usr/bin/ld -version_details

Build description signature: b30619c447aaf9e8afac4bf92108a518
Build description path: /Users/Gaurav.Sharma4/Library/Developer/Xcode/DerivedData/Wavify-ccatqoynfvpymbcsifepkhrwrkqy/Build/Intermediates.noindex/XCBuildData/b30619c447aaf9e8afac4bf92108a518.xcbuilddata
ClangStatCache /Applications/Xcode.app/Contents/Developer/Toolchains/XcodeDefault.xctoolchain/usr/bin/clang-stat-cache /Applications/Xcode.app/Contents/Developer/Platforms/iPhoneSimulator.platform/Developer/SDKs/iPhoneSimulator26.1.sdk /Users/Gaurav.Sharma4/Library/Developer/Xcode/DerivedData/SDKStatCaches.noindex/iphonesimulator26.1-23B77-90cf18a4295e390e64c810bc6bd7acbc.sdkstatcache
    cd /Users/Gaurav.Sharma4/Desktop/Wavify/Wavify.xcodeproj
    /Applications/Xcode.app/Contents/Developer/Toolchains/XcodeDefault.xctoolchain/usr/bin/clang-stat-cache /Applications/Xcode.app/Contents/Developer/Platforms/iPhoneSimulator.platform/Developer/SDKs/iPhoneSimulator26.1.sdk -o /Users/Gaurav.Sharma4/Library/Developer/Xcode/DerivedData/SDKStatCaches.noindex/iphonesimulator26.1-23B77-90cf18a4295e390e64c810bc6bd7acbc.sdkstatcache

ProcessInfoPlistFile /Users/Gaurav.Sharma4/Library/Developer/Xcode/DerivedData/Wavify-ccatqoynfvpymbcsifepkhrwrkqy/Build/Products/Debug-iphonesimulator/Wavify.app/Info.plist /Users/Gaurav.Sharma4/Library/Developer/Xcode/DerivedData/Wavify-ccatqoynfvpymbcsifepkhrwrkqy/Build/Intermediates.noindex/Wavify.build/Debug-iphonesimulator/Wavify.build/empty-Wavify.plist (in target 'Wavify' from project 'Wavify')
    cd /Users/Gaurav.Sharma4/Desktop/Wavify
    builtin-infoPlistUtility /Users/Gaurav.Sharma4/Library/Developer/Xcode/DerivedData/Wavify-ccatqoynfvpymbcsifepkhrwrkqy/Build/Intermediates.noindex/Wavify.build/Debug-iphonesimulator/Wavify.build/empty-Wavify.plist -producttype com.apple.product-type.application -genpkginfo /Users/Gaurav.Sharma4/Library/Developer/Xcode/DerivedData/Wavify-ccatqoynfvpymbcsifepkhrwrkqy/Build/Products/Debug-iphonesimulator/Wavify.app/PkgInfo -expandbuildsettings -format binary -platform iphonesimulator -additionalcontentfile /Users/Gaurav.Sharma4/Library/Developer/Xcode/DerivedData/Wavify-ccatqoynfvpymbcsifepkhrwrkqy/Build/Intermediates.noindex/Wavify.build/Debug-iphonesimulator/Wavify.build/assetcatalog_generated_info.plist -o /Users/Gaurav.Sharma4/Library/Developer/Xcode/DerivedData/Wavify-ccatqoynfvpymbcsifepkhrwrkqy/Build/Products/Debug-iphonesimulator/Wavify.app/Info.plist

SwiftDriver Wavify normal arm64 com.apple.xcode.tools.swift.compiler (in target 'Wavify' from project 'Wavify')
    cd /Users/Gaurav.Sharma4/Desktop/Wavify
    builtin-SwiftDriver -- /Applications/Xcode.app/Contents/Developer/Toolchains/XcodeDefault.xctoolchain/usr/bin/swiftc -module-name Wavify -Onone -enforce-exclusivity\=checked @/Users/Gaurav.Sharma4/Library/Developer/Xcode/DerivedData/Wavify-ccatqoynfvpymbcsifepkhrwrkqy/Build/Intermediates.noindex/Wavify.build/Debug-iphonesimulator/Wavify.build/Objects-normal/arm64/Wavify.SwiftFileList -DDEBUG -default-isolation\=MainActor -enable-bare-slash-regex -enable-upcoming-feature DisableOutwardActorInference -enable-upcoming-feature InferSendableFromCaptures -enable-upcoming-feature GlobalActorIsolatedTypesUsability -enable-upcoming-feature MemberImportVisibility -enable-upcoming-feature InferIsolatedConformances -enable-upcoming-feature NonisolatedNonsendingByDefault -enable-experimental-feature DebugDescriptionMacro -sdk /Applications/Xcode.app/Contents/Developer/Platforms/iPhoneSimulator.platform/Developer/SDKs/iPhoneSimulator26.1.sdk -target arm64-apple-ios26.1-simulator -g -module-cache-path /Users/Gaurav.Sharma4/Library/Developer/Xcode/DerivedData/ModuleCache.noindex -Xfrontend -serialize-debugging-options -profile-coverage-mapping -profile-generate -enable-testing -index-store-path /Users/Gaurav.Sharma4/Library/Developer/Xcode/DerivedData/Wavify-ccatqoynfvpymbcsifepkhrwrkqy/Index.noindex/DataStore -Xcc -D_LIBCPP_HARDENING_MODE\=_LIBCPP_HARDENING_MODE_DEBUG -swift-version 5 -I /Users/Gaurav.Sharma4/Library/Developer/Xcode/DerivedData/Wavify-ccatqoynfvpymbcsifepkhrwrkqy/Build/Products/Debug-iphonesimulator -F /Users/Gaurav.Sharma4/Library/Developer/Xcode/DerivedData/Wavify-ccatqoynfvpymbcsifepkhrwrkqy/Build/Products/Debug-iphonesimulator -emit-localized-strings -emit-localized-strings-path /Users/Gaurav.Sharma4/Library/Developer/Xcode/DerivedData/Wavify-ccatqoynfvpymbcsifepkhrwrkqy/Build/Intermediates.noindex/Wavify.build/Debug-iphonesimulator/Wavify.build/Objects-normal/arm64 -c -j8 -enable-batch-mode -incremental -Xcc -ivfsstatcache -Xcc /Users/Gaurav.Sharma4/Library/Developer/Xcode/DerivedData/SDKStatCaches.noindex/iphonesimulator26.1-23B77-90cf18a4295e390e64c810bc6bd7acbc.sdkstatcache -output-file-map /Users/Gaurav.Sharma4/Library/Developer/Xcode/DerivedData/Wavify-ccatqoynfvpymbcsifepkhrwrkqy/Build/Intermediates.noindex/Wavify.build/Debug-iphonesimulator/Wavify.build/Objects-normal/arm64/Wavify-OutputFileMap.json -use-frontend-parseable-output -save-temps -no-color-diagnostics -explicit-module-build -module-cache-path /Users/Gaurav.Sharma4/Library/Developer/Xcode/DerivedData/Wavify-ccatqoynfvpymbcsifepkhrwrkqy/Build/Intermediates.noindex/SwiftExplicitPrecompiledModules -clang-scanner-module-cache-path /Users/Gaurav.Sharma4/Library/Developer/Xcode/DerivedData/ModuleCache.noindex -sdk-module-cache-path /Users/Gaurav.Sharma4/Library/Developer/Xcode/DerivedData/ModuleCache.noindex -serialize-diagnostics -emit-dependencies -emit-module -emit-module-path /Users/Gaurav.Sharma4/Library/Developer/Xcode/DerivedData/Wavify-ccatqoynfvpymbcsifepkhrwrkqy/Build/Intermediates.noindex/Wavify.build/Debug-iphonesimulator/Wavify.build/Objects-normal/arm64/Wavify.swiftmodule -validate-clang-modules-once -clang-build-session-file /Users/Gaurav.Sharma4/Library/Developer/Xcode/DerivedData/ModuleCache.noindex/Session.modulevalidation -Xcc -I/Users/Gaurav.Sharma4/Library/Developer/Xcode/DerivedData/Wavify-ccatqoynfvpymbcsifepkhrwrkqy/Build/Intermediates.noindex/Wavify.build/Debug-iphonesimulator/Wavify.build/swift-overrides.hmap -emit-const-values -Xfrontend -const-gather-protocols-file -Xfrontend /Users/Gaurav.Sharma4/Library/Developer/Xcode/DerivedData/Wavify-ccatqoynfvpymbcsifepkhrwrkqy/Build/Intermediates.noindex/Wavify.build/Debug-iphonesimulator/Wavify.build/Objects-normal/arm64/Wavify_const_extract_protocols.json -Xcc -iquote -Xcc /Users/Gaurav.Sharma4/Library/Developer/Xcode/DerivedData/Wavify-ccatqoynfvpymbcsifepkhrwrkqy/Build/Intermediates.noindex/Wavify.build/Debug-iphonesimulator/Wavify.build/Wavify-generated-files.hmap -Xcc -I/Users/Gaurav.Sharma4/Library/Developer/Xcode/DerivedData/Wavify-ccatqoynfvpymbcsifepkhrwrkqy/Build/Intermediates.noindex/Wavify.build/Debug-iphonesimulator/Wavify.build/Wavify-own-target-headers.hmap -Xcc -I/Users/Gaurav.Sharma4/Library/Developer/Xcode/DerivedData/Wavify-ccatqoynfvpymbcsifepkhrwrkqy/Build/Intermediates.noindex/Wavify.build/Debug-iphonesimulator/Wavify.build/Wavify-all-target-headers.hmap -Xcc -iquote -Xcc /Users/Gaurav.Sharma4/Library/Developer/Xcode/DerivedData/Wavify-ccatqoynfvpymbcsifepkhrwrkqy/Build/Intermediates.noindex/Wavify.build/Debug-iphonesimulator/Wavify.build/Wavify-project-headers.hmap -Xcc -I/Users/Gaurav.Sharma4/Library/Developer/Xcode/DerivedData/Wavify-ccatqoynfvpymbcsifepkhrwrkqy/Build/Products/Debug-iphonesimulator/include -Xcc -I/Users/Gaurav.Sharma4/Library/Developer/Xcode/DerivedData/Wavify-ccatqoynfvpymbcsifepkhrwrkqy/Build/Intermediates.noindex/Wavify.build/Debug-iphonesimulator/Wavify.build/DerivedSources-normal/arm64 -Xcc -I/Users/Gaurav.Sharma4/Library/Developer/Xcode/DerivedData/Wavify-ccatqoynfvpymbcsifepkhrwrkqy/Build/Intermediates.noindex/Wavify.build/Debug-iphonesimulator/Wavify.build/DerivedSources/arm64 -Xcc -I/Users/Gaurav.Sharma4/Library/Developer/Xcode/DerivedData/Wavify-ccatqoynfvpymbcsifepkhrwrkqy/Build/Intermediates.noindex/Wavify.build/Debug-iphonesimulator/Wavify.build/DerivedSources -Xcc -DDEBUG\=1 -emit-objc-header -emit-objc-header-path /Users/Gaurav.Sharma4/Library/Developer/Xcode/DerivedData/Wavify-ccatqoynfvpymbcsifepkhrwrkqy/Build/Intermediates.noindex/Wavify.build/Debug-iphonesimulator/Wavify.build/Objects-normal/arm64/Wavify-Swift.h -working-directory /Users/Gaurav.Sharma4/Desktop/Wavify -experimental-emit-module-separately -disable-cmo

SwiftEmitModule normal arm64 Emitting\ module\ for\ Wavify (in target 'Wavify' from project 'Wavify')

EmitSwiftModule normal arm64 (in target 'Wavify' from project 'Wavify')
    cd /Users/Gaurav.Sharma4/Desktop/Wavify
    

SwiftCompile normal arm64 Compiling\ SearchView.swift /Users/Gaurav.Sharma4/Desktop/Wavify/Wavify/Views/SearchView.swift (in target 'Wavify' from project 'Wavify')
SwiftCompile normal arm64 /Users/Gaurav.Sharma4/Desktop/Wavify/Wavify/Views/SearchView.swift (in target 'Wavify' from project 'Wavify')
    cd /Users/Gaurav.Sharma4/Desktop/Wavify
    
/Users/Gaurav.Sharma4/Desktop/Wavify/Wavify/Views/SearchView.swift:543:50: error: reference to member 'artist' cannot be resolved without a contextual type
            navigationManager.searchPath.append(.artist(result.id, result.name, result.thumbnailUrl))
                                                 ^
/Users/Gaurav.Sharma4/Desktop/Wavify/Wavify/Views/SearchView.swift:545:50: error: reference to member 'album' cannot be resolved without a contextual type
            navigationManager.searchPath.append(.album(result.id, result.name, result.artist, result.thumbnailUrl))
                                                 ^
/Users/Gaurav.Sharma4/Desktop/Wavify/Wavify/Views/SearchView.swift:590:13: warning: no 'async' operations occur within 'await' expression
            await fetchSuggestions(query: query)
            ^

Failed frontend command:
/Applications/Xcode.app/Contents/Developer/Toolchains/XcodeDefault.xctoolchain/usr/bin/swift-frontend -frontend -c /Users/Gaurav.Sharma4/Desktop/Wavify/Wavify/Components/AlbumCard.swift /Users/Gaurav.Sharma4/Desktop/Wavify/Wavify/Components/GlassCard.swift /Users/Gaurav.Sharma4/Desktop/Wavify/Wavify/Components/MiniPlayer.swift /Users/Gaurav.Sharma4/Desktop/Wavify/Wavify/Components/SongRow.swift /Users/Gaurav.Sharma4/Desktop/Wavify/Wavify/Models/ApiArtistDetail.swift /Users/Gaurav.Sharma4/Desktop/Wavify/Wavify/Models/APIModels.swift /Users/Gaurav.Sharma4/Desktop/Wavify/Wavify/Models/LocalPlaylist.swift /Users/Gaurav.Sharma4/Desktop/Wavify/Wavify/Models/LocalSong.swift /Users/Gaurav.Sharma4/Desktop/Wavify/Wavify/Models/RecentHistory.swift /Users/Gaurav.Sharma4/Desktop/Wavify/Wavify/Services/AudioPlayer.swift /Users/Gaurav.Sharma4/Desktop/Wavify/Wavify/Services/NavigationManager.swift /Users/Gaurav.Sharma4/Desktop/Wavify/Wavify/Services/NetworkManager.swift /Users/Gaurav.Sharma4/Desktop/Wavify/Wavify/Utilities/ColorExtractor.swift /Users/Gaurav.Sharma4/Desktop/Wavify/Wavify/Utilities/ImageUtils.swift /Users/Gaurav.Sharma4/Desktop/Wavify/Wavify/Views/AlbumDetailView.swift /Users/Gaurav.Sharma4/Desktop/Wavify/Wavify/Views/ArtistDetailView.swift /Users/Gaurav.Sharma4/Desktop/Wavify/Wavify/Views/HomeView.swift /Users/Gaurav.Sharma4/Desktop/Wavify/Wavify/Views/LibraryView.swift /Users/Gaurav.Sharma4/Desktop/Wavify/Wavify/Views/MainTabView.swift /Users/Gaurav.Sharma4/Desktop/Wavify/Wavify/Views/NowPlayingView.swift -primary-file /Users/Gaurav.Sharma4/Desktop/Wavify/Wavify/Views/SearchView.swift /Users/Gaurav.Sharma4/Desktop/Wavify/Wavify/ContentView.swift /Users/Gaurav.Sharma4/Desktop/Wavify/Wavify/WavifyApp.swift /Users/Gaurav.Sharma4/Library/Developer/Xcode/DerivedData/Wavify-ccatqoynfvpymbcsifepkhrwrkqy/Build/Intermediates.noindex/Wavify.build/Debug-iphonesimulator/Wavify.build/DerivedSources/GeneratedAssetSymbols.swift -emit-dependencies-path /Users/Gaurav.Sharma4/Library/Developer/Xcode/DerivedData/Wavify-ccatqoynfvpymbcsifepkhrwrkqy/Build/Intermediates.noindex/Wavify.build/Debug-iphonesimulator/Wavify.build/Objects-normal/arm64/SearchView.d -emit-const-values-path /Users/Gaurav.Sharma4/Library/Developer/Xcode/DerivedData/Wavify-ccatqoynfvpymbcsifepkhrwrkqy/Build/Intermediates.noindex/Wavify.build/Debug-iphonesimulator/Wavify.build/Objects-normal/arm64/SearchView.swiftconstvalues -emit-reference-dependencies-path /Users/Gaurav.Sharma4/Library/Developer/Xcode/DerivedData/Wavify-ccatqoynfvpymbcsifepkhrwrkqy/Build/Intermediates.noindex/Wavify.build/Debug-iphonesimulator/Wavify.build/Objects-normal/arm64/SearchView.swiftdeps -serialize-diagnostics-path /Users/Gaurav.Sharma4/Library/Developer/Xcode/DerivedData/Wavify-ccatqoynfvpymbcsifepkhrwrkqy/Build/Intermediates.noindex/Wavify.build/Debug-iphonesimulator/Wavify.build/Objects-normal/arm64/SearchView.dia -emit-localized-strings -emit-localized-strings-path /Users/Gaurav.Sharma4/Library/Developer/Xcode/DerivedData/Wavify-ccatqoynfvpymbcsifepkhrwrkqy/Build/Intermediates.noindex/Wavify.build/Debug-iphonesimulator/Wavify.build/Objects-normal/arm64 -target arm64-apple-ios26.1-simulator -module-can-import-version DeveloperToolsSupport 23.0.4 23.0.4 -module-can-import-version SwiftUI 7.1.13.1 7.1.13 -module-can-import-version UIKit 9126.1.12.1 9126.1.12 -disable-cross-import-overlay-search -swift-module-cross-import SwiftData /Applications/Xcode.app/Contents/Developer/Platforms/iPhoneSimulator.platform/Developer/SDKs/iPhoneSimulator26.1.sdk/System/Library/Frameworks/SwiftData.framework/Modules/SwiftData.swiftcrossimport/CoreData.swiftoverlay -swift-module-cross-import SwiftData /Applications/Xcode.app/Contents/Developer/Platforms/iPhoneSimulator.platform/Developer/SDKs/iPhoneSimulator26.1.sdk/System/Library/Frameworks/SwiftData.framework/Modules/SwiftData.swiftcrossimport/SwiftUI.swiftoverlay -load-resolved-plugin /Applications/Xcode.app/Contents/Developer/Platforms/iPhoneOS.platform/Developer/usr/lib/swift/host/plugins/libFoundationMacros.dylib\#/Applications/Xcode.app/Contents/Developer/Platforms/iPhoneOS.platform/Developer/usr/bin/swift-plugin-server\#FoundationMacros -load-resolved-plugin /Applications/Xcode.app/Contents/Developer/Platforms/iPhoneOS.platform/Developer/usr/lib/swift/host/plugins/libObservationMacros.dylib\#/Applications/Xcode.app/Contents/Developer/Platforms/iPhoneOS.platform/Developer/usr/bin/swift-plugin-server\#ObservationMacros -load-resolved-plugin /Applications/Xcode.app/Contents/Developer/Platforms/iPhoneOS.platform/Developer/usr/lib/swift/host/plugins/libPreviewsMacros.dylib\#/Applications/Xcode.app/Contents/Developer/Platforms/iPhoneOS.platform/Developer/usr/bin/swift-plugin-server\#PreviewsMacros -load-resolved-plugin /Applications/Xcode.app/Contents/Developer/Platforms/iPhoneOS.platform/Developer/usr/lib/swift/host/plugins/libSwiftDataMacros.dylib\#/Applications/Xcode.app/Contents/Developer/Platforms/iPhoneOS.platform/Developer/usr/bin/swift-plugin-server\#SwiftDataMacros -load-resolved-plugin /Applications/Xcode.app/Contents/Developer/Platforms/iPhoneOS.platform/Developer/usr/lib/swift/host/plugins/libSwiftMacros.dylib\#/Applications/Xcode.app/Contents/Developer/Platforms/iPhoneOS.platform/Developer/usr/bin/swift-plugin-server\#SwiftMacros -load-resolved-plugin /Applications/Xcode.app/Contents/Developer/Platforms/iPhoneOS.platform/Developer/usr/lib/swift/host/plugins/libSwiftUIMacros.dylib\#/Applications/Xcode.app/Contents/Developer/Platforms/iPhoneOS.platform/Developer/usr/bin/swift-plugin-server\#SwiftUIMacros -disable-implicit-swift-modules -Xcc -fno-implicit-modules -Xcc -fno-implicit-module-maps -explicit-swift-module-map-file /Users/Gaurav.Sharma4/Library/Developer/Xcode/DerivedData/Wavify-ccatqoynfvpymbcsifepkhrwrkqy/Build/Intermediates.noindex/Wavify.build/Debug-iphonesimulator/Wavify.build/Objects-normal/arm64/Wavify-dependencies-1.json -Xllvm -aarch64-use-tbi -enable-objc-interop -sdk /Applications/Xcode.app/Contents/Developer/Platforms/iPhoneSimulator.platform/Developer/SDKs/iPhoneSimulator26.1.sdk -I /Users/Gaurav.Sharma4/Library/Developer/Xcode/DerivedData/Wavify-ccatqoynfvpymbcsifepkhrwrkqy/Build/Products/Debug-iphonesimulator -F /Users/Gaurav.Sharma4/Library/Developer/Xcode/DerivedData/Wavify-ccatqoynfvpymbcsifepkhrwrkqy/Build/Products/Debug-iphonesimulator -no-color-diagnostics -Xcc -fno-color-diagnostics -enable-testing -g -debug-info-format\=dwarf -dwarf-version\=5 -module-cache-path /Users/Gaurav.Sharma4/Library/Developer/Xcode/DerivedData/Wavify-ccatqoynfvpymbcsifepkhrwrkqy/Build/Intermediates.noindex/SwiftExplicitPrecompiledModules -profile-generate -profile-coverage-mapping -swift-version 5 -enforce-exclusivity\=checked -Onone -D DEBUG -serialize-debugging-options -const-gather-protocols-file /Users/Gaurav.Sharma4/Library/Developer/Xcode/DerivedData/Wavify-ccatqoynfvpymbcsifepkhrwrkqy/Build/Intermediates.noindex/Wavify.build/Debug-iphonesimulator/Wavify.build/Objects-normal/arm64/Wavify_const_extract_protocols.json -enable-upcoming-feature DisableOutwardActorInference -enable-upcoming-feature InferSendableFromCaptures -enable-upcoming-feature GlobalActorIsolatedTypesUsability -enable-upcoming-feature MemberImportVisibility -enable-upcoming-feature InferIsolatedConformances -enable-upcoming-feature NonisolatedNonsendingByDefault -enable-experimental-feature DebugDescriptionMacro -enable-bare-slash-regex -default-isolation\=MainActor -empty-abi-descriptor -validate-clang-modules-once -clang-build-session-file /Users/Gaurav.Sharma4/Library/Developer/Xcode/DerivedData/ModuleCache.noindex/Session.modulevalidation -Xcc -working-directory -Xcc /Users/Gaurav.Sharma4/Desktop/Wavify -enable-anonymous-context-mangled-names -file-compilation-dir /Users/Gaurav.Sharma4/Desktop/Wavify -Xcc -D_LIBCPP_HARDENING_MODE\=_LIBCPP_HARDENING_MODE_DEBUG -Xcc -ivfsstatcache -Xcc /Users/Gaurav.Sharma4/Library/Developer/Xcode/DerivedData/SDKStatCaches.noindex/iphonesimulator26.1-23B77-90cf18a4295e390e64c810bc6bd7acbc.sdkstatcache -Xcc -I/Users/Gaurav.Sharma4/Library/Developer/Xcode/DerivedData/Wavify-ccatqoynfvpymbcsifepkhrwrkqy/Build/Intermediates.noindex/Wavify.build/Debug-iphonesimulator/Wavify.build/swift-overrides.hmap -Xcc -iquote -Xcc /Users/Gaurav.Sharma4/Library/Developer/Xcode/DerivedData/Wavify-ccatqoynfvpymbcsifepkhrwrkqy/Build/Intermediates.noindex/Wavify.build/Debug-iphonesimulator/Wavify.build/Wavify-generated-files.hmap -Xcc -I/Users/Gaurav.Sharma4/Library/Developer/Xcode/DerivedData/Wavify-ccatqoynfvpymbcsifepkhrwrkqy/Build/Intermediates.noindex/Wavify.build/Debug-iphonesimulator/Wavify.build/Wavify-own-target-headers.hmap -Xcc -I/Users/Gaurav.Sharma4/Library/Developer/Xcode/DerivedData/Wavify-ccatqoynfvpymbcsifepkhrwrkqy/Build/Intermediates.noindex/Wavify.build/Debug-iphonesimulator/Wavify.build/Wavify-all-target-headers.hmap -Xcc -iquote -Xcc /Users/Gaurav.Sharma4/Library/Developer/Xcode/DerivedData/Wavify-ccatqoynfvpymbcsifepkhrwrkqy/Build/Intermediates.noindex/Wavify.build/Debug-iphonesimulator/Wavify.build/Wavify-project-headers.hmap -Xcc -I/Users/Gaurav.Sharma4/Library/Developer/Xcode/DerivedData/Wavify-ccatqoynfvpymbcsifepkhrwrkqy/Build/Products/Debug-iphonesimulator/include -Xcc -I/Users/Gaurav.Sharma4/Library/Developer/Xcode/DerivedData/Wavify-ccatqoynfvpymbcsifepkhrwrkqy/Build/Intermediates.noindex/Wavify.build/Debug-iphonesimulator/Wavify.build/DerivedSources-normal/arm64 -Xcc -I/Users/Gaurav.Sharma4/Library/Developer/Xcode/DerivedData/Wavify-ccatqoynfvpymbcsifepkhrwrkqy/Build/Intermediates.noindex/Wavify.build/Debug-iphonesimulator/Wavify.build/DerivedSources/arm64 -Xcc -I/Users/Gaurav.Sharma4/Library/Developer/Xcode/DerivedData/Wavify-ccatqoynfvpymbcsifepkhrwrkqy/Build/Intermediates.noindex/Wavify.build/Debug-iphonesimulator/Wavify.build/DerivedSources -Xcc -DDEBUG\=1 -no-auto-bridging-header-chaining -module-name Wavify -frontend-parseable-output -disable-clang-spi -target-sdk-version 26.1 -target-sdk-name iphonesimulator26.1 -clang-target arm64-apple-ios26.1-simulator -in-process-plugin-server-path /Applications/Xcode.app/Contents/Developer/Toolchains/XcodeDefault.xctoolchain/usr/lib/swift/host/libSwiftInProcPluginServer.dylib -o /Users/Gaurav.Sharma4/Library/Developer/Xcode/DerivedData/Wavify-ccatqoynfvpymbcsifepkhrwrkqy/Build/Intermediates.noindex/Wavify.build/Debug-iphonesimulator/Wavify.build/Objects-normal/arm64/SearchView.o -index-unit-output-path /Wavify.build/Debug-iphonesimulator/Wavify.build/Objects-normal/arm64/SearchView.o -index-store-path /Users/Gaurav.Sharma4/Library/Developer/Xcode/DerivedData/Wavify-ccatqoynfvpymbcsifepkhrwrkqy/Index.noindex/DataStore -index-system-modules
** BUILD FAILED **


The following build commands failed:
	SwiftCompile normal arm64 /Users/Gaurav.Sharma4/Desktop/Wavify/Wavify/Views/SearchView.swift (in target 'Wavify' from project 'Wavify')
	SwiftCompile normal arm64 Compiling\ SearchView.swift /Users/Gaurav.Sharma4/Desktop/Wavify/Wavify/Views/SearchView.swift (in target 'Wavify' from project 'Wavify')
	Building project Wavify with scheme Wavify
(3 failures)
